1649338519702	geckodriver	INFO	Listening on 127.0.0.1:55384
1649338522770	mozrunner::runner	INFO	Running command: "C:\\Program Files\\Mozilla Firefox\\firefox.exe" "--marionette" "--remote-debugging-port" "55385" "-no-remote" "-profile" "C:\\Users\\borja\\AppData\\Local\\Temp\\rust_mozprofiled2Q0M1"
1649338523370	Marionette	INFO	Marionette enabled
console.warn: SearchSettings: "get: No settings file exists, new profile?" (new NotFoundError("Could not open the file at C:\\Users\\borja\\AppData\\Local\\Temp\\rust_mozprofiled2Q0M1\\search.json.mozlz4", (void 0)))
DevTools listening on ws://localhost:55385/devtools/browser/e67b27ca-3976-40d0-ba39-ed20ca8319c0
1649338526292	Marionette	INFO	Listening on port 55390
1649338526451	RemoteAgent	WARN	TLS certificate errors will be ignored for this session
1649338821069	Marionette	INFO	Stopped listening on port 55390
console.warn: TopSitesFeed: Failed to fetch data from Contile server: NetworkError when attempting to fetch resource.

###!!! [Parent][PGPUParent] Error: RunMessage(msgname=PGPU::Msg_ShutdownVR) Channel closing: too late to send/recv, messages will be lost

	INFO	Marionette enabled
console.warn: SearchSettings: "get: No settings file exists, new profile?" (new NotFoundError("Could not open the file at C:\\Users\\borja\\AppData\\Local\\Temp\\rust_mozprofilegBgbV7\\search.json.mozlz4", (void 0)))
DevTools listening on ws://localhost:63082/devtools/browser/0c37d727-a552-441d-9e3b-81c1dcfc03c1
1649338795772	Marionette	INFO	Listening on port 63087
1649338795939	RemoteAgent	WARN	TLS certificate errors will be ignored for this session
1649338828850	Marionette	INFO	Stopped listening on port 63087
console.warn: TopSitesFeed: Failed to fetch data from Contile server: NetworkError when attempting to fetch resource.

###!!! [Parent][PGPUParent] Error: RunMessage(msgname=PGPU::Msg_ShutdownVR) Channel closing: too late to send/recv, messages will be lost

1649339071730	geckodriver	INFO	Listening on 127.0.0.1:63762
1649339074670	mozrunner::runner	INFO	Running command: "C:\\Program Files\\Mozilla Firefox\\firefox.exe" "--marionette" "--remote-debugging-port" "63763" "-no-remote" "-profile" "C:\\Users\\borja\\AppData\\Local\\Temp\\rust_mozprofile0vlNy8"
1649339075045	Marionette	INFO	Marionette enabled
console.warn: SearchSettings: "get: No settings file exists, new profile?" (new NotFoundError("Could not open the file at C:\\Users\\borja\\AppData\\Local\\Temp\\rust_mozprofile0vlNy8\\search.json.mozlz4", (void 0)))
DevTools listening on ws://localhost:63763/devtools/browser/410b9719-e207-4609-9541-4fce74982377
1649339076485	Marionette	INFO	Listening on port 63770
1649339076708	RemoteAgent	WARN	TLS certificate errors will be ignored for this session
1649340121496	Marionette	INFO	Stopped listening on port 63770
console.warn: TopSitesFeed: Failed to fetch data from Contile server: NetworkError when attempting to fetch resource.
1649342658816	geckodriver	INFO	Listening on 127.0.0.1:64363
1649342661808	mozrunner::runner	INFO	Running command: "C:\\Program Files\\Mozilla Firefox\\firefox.exe" "--marionette" "--remote-debugging-port" "64364" "-no-remote" "-profile" "C:\\Users\\borja\\AppData\\Local\\Temp\\rust_mozprofileqllw7A"
1649342662235	Marionette	INFO	Marionette enabled
console.warn: SearchSettings: "get: No settings file exists, new profile?" (new NotFoundError("Could not open the file at C:\\Users\\borja\\AppData\\Local\\Temp\\rust_mozprofileqllw7A\\search.json.mozlz4", (void 0)))
DevTools listening on ws://localhost:64364/devtools/browser/aa405ef6-34cc-4bae-9137-3a3b7db0a925
1649342663746	Marionette	INFO	Listening on port 64369
1649342663850	RemoteAgent	WARN	TLS certificate errors will be ignored for this session
1649342749467	Marionette	INFO	Stopped listening on port 64369
console.warn: TopSitesFeed: Failed to fetch data from Contile server: NetworkError when attempting to fetch resource.

###!!! [Parent][PGPUParent] Error: RunMessage(msgname=PGPU::Msg_ShutdownVR) Channel closing: too late to send/recv, messages will be lost

1649342755429	geckodriver	INFO	Listening on 127.0.0.1:65397
1649342758409	mozrunner::runner	INFO	Running command: "C:\\Program Files\\Mozilla Firefox\\firefox.exe" "--marionette" "--remote-debugging-port" "65398" "-no-remote" "-profile" "C:\\Users\\borja\\AppData\\Local\\Temp\\rust_mozprofilesmk1sO"
1649342758880	Marionette	INFO	Marionette enabled
console.warn: SearchSettings: "get: No settings file exists, new profile?" (new NotFoundError("Could not open the file at C:\\Users\\borja\\AppData\\Local\\Temp\\rust_mozprofilesmk1sO\\search.json.mozlz4", (void 0)))
DevTools listening on ws://localhost:65398/devtools/browser/3e306064-d758-4f0e-9bac-4af87af06711
1649342760281	Marionette	INFO	Listening on port 65403
1649342760450	RemoteAgent	WARN	TLS certificate errors will be ignored for this session
1649342847191	Marionette	INFO	Stopped listening on port 65403
console.warn: TopSitesFeed: Failed to fetch data from Contile server: NetworkError when attempting to fetch resource.
1649342853932	geckodriver	INFO	Listening on 127.0.0.1:65470
1649342856854	mozrunner::runner	INFO	Running command: "C:\\Program Files\\Mozilla Firefox\\firefox.exe" "--marionette" "--remote-debugging-port" "65471" "-no-remote" "-profile" "C:\\Users\\borja\\AppData\\Local\\Temp\\rust_mozprofilejZnRbl"
1649342857246	Marionette	INFO	Marionette enabled
console.warn: SearchSettings: "get: No settings file exists, new profile?" (new NotFoundError("Could not open the file at C:\\Users\\borja\\AppData\\Local\\Temp\\rust_mozprofilejZnRbl\\search.json.mozlz4", (void 0)))
DevTools listening on ws://localhost:65471/devtools/browser/40b519de-f84d-46e7-9390-7658f6121342
1649342858688	Marionette	INFO	Listening on port 65476
1649342858894	RemoteAgent	WARN	TLS certificate errors will be ignored for this session
console.warn: LoginRecipes: "getRecipes: falling back to a synchronous message for:" "https://sigaa.ufpb.br"
console.warn: LoginRecipes: "getRecipes: falling back to a synchronous message for:" "https://sigaa.ufpb.br"
JavaScript error: resource://gre/modules/LoginManagerParent.jsm, line 136: TypeError: gRecipeManager is null
console.warn: LoginRecipes: "getRecipes: falling back to a synchronous message for:" "https://sigaa.ufpb.br"
JavaScript error: resource://gre/modules/LoginManagerParent.jsm, line 136: TypeError: gRecipeManager is null
console.warn: LoginRecipes: "getRecipes: falling back to a synchronous message for:" "https://sigaa.ufpb.br"
JavaScript error: resource://gre/modules/LoginManagerParent.jsm, line 136: TypeError: gRecipeManager is null
console.warn: LoginRecipes: "getRecipes: falling back to a synchronous message for:" "https://sigaa.ufpb.br"
JavaScript error: resource://gre/modules/LoginManagerParent.jsm, line 136: TypeError: gRecipeManager is null
console.warn: LoginRecipes: "getRecipes: falling back to a synchronous message for:" "https://sigaa.ufpb.br"
JavaScript error: resource://gre/modules/LoginManagerParent.jsm, line 136: TypeError: gRecipeManager is null
JavaScript warning: https://sigaa.ufpb.br/sigaa/a4j/g/3_3_3.Finalorg/richfaces/renderkit/html/scripts/jquery/jquery.js.jsf, line 246: unreachable code after return statement
console.warn: LoginRecipes: "getRecipes: falling back to a synchronous message for:" "https://sigaa.ufpb.br"
JavaScript error: resource://gre/modules/LoginManagerParent.jsm, line 136: TypeError: gRecipeManager is null
console.warn: LoginRecipes: "getRecipes: falling back to a synchronous message for:" "https://sigaa.ufpb.br"
JavaScript error: resource://gre/modules/LoginManagerParent.jsm, line 136: TypeError: gRecipeManager is null
JavaScript warning: https://sigaa.ufpb.br/sigaa/a4j/g/3_3_3.Finalorg/richfaces/renderkit/html/scripts/jquery/jquery.js.jsf, line 246: unreachable code after return statement
1649343692472	Marionette	INFO	Stopped listening on port 65476
console.warn: TopSitesFeed: Failed to fetch data from Contile server: NetworkError when attempting to fetch resource.
[Parent 6008, IPC I/O Parent] WARNING: file /builds/worker/checkouts/gecko/ipc/chromium/src/base/process_util_win.cc:167

###!!! [Parent][PGPUParent] Error: RunMessage(msgname=PGPU::Msg_ShutdownVR) Channel closing: too late to send/recv, messages will be lost

ould not open the file at C:\\Users\\borja\\AppData\\Local\\Temp\\rust_mozprofileNsXZut\\search.json.mozlz4", (void 0)))
DevTools listening on ws://localhost:51067/devtools/browser/e0376f40-b93f-4a54-9ead-879239e6648f
1649343084620	Marionette	INFO	Listening on port 51072
1649343084744	RemoteAgent	WARN	TLS certificate errors will be ignored for this session
console.warn: LoginRecipes: "getRecipes: falling back to a synchronous message for:" "https://sigaa.ufpb.br"
console.warn: LoginRecipes: "getRecipes: falling back to a synchronous message for:" "https://sigaa.ufpb.br"
JavaScript error: resource://gre/modules/LoginManagerParent.jsm, line 136: TypeError: gRecipeManager is null
console.warn: LoginRecipes: "getRecipes: falling back to a synchronous message for:" "https://sigaa.ufpb.br"
JavaScript error: resource://gre/modules/LoginManagerParent.jsm, line 136: TypeError: gRecipeManager is null
console.warn: LoginRecipes: "getRecipes: falling back to a synchronous message for:" "https://sigaa.ufpb.br"
JavaScript error: resource://gre/modules/LoginManagerParent.jsm, line 136: TypeError: gRecipeManager is null
console.warn: LoginRecipes: "getRecipes: falling back to a synchronous message for:" "https://sigaa.ufpb.br"
JavaScript error: resource://gre/modules/LoginManagerParent.jsm, line 136: TypeError: gRecipeManager is null
console.warn: LoginRecipes: "getRecipes: falling back to a synchronous message for:" "https://sigaa.ufpb.br"
JavaScript error: resource://gre/modules/LoginManagerParent.jsm, line 136: TypeError: gRecipeManager is null
1649343088285	Marionette	WARN	TimedPromise timed out after 500 ms: stacktrace:
TimedPromise/<@chrome://remote/content/marionette/sync.js:235:19
TimedPromise@chrome://remote/content/marionette/sync.js:220:10
interaction.flushEventLoop@chrome://remote/content/marionette/interaction.js:431:10
webdriverClickElement@chrome://remote/content/marionette/interaction.js:179:31
JavaScript warning: https://sigaa.ufpb.br/sigaa/a4j/g/3_3_3.Finalorg/richfaces/renderkit/html/scripts/jquery/jquery.js.jsf, line 246: unreachable code after return statement
console.warn: LoginRecipes: "getRecipes: falling back to a synchronous message for:" "https://sigaa.ufpb.br"
JavaScript error: resource://gre/modules/LoginManagerParent.jsm, line 136: TypeError: gRecipeManager is null
console.warn: LoginRecipes: "getRecipes: falling back to a synchronous message for:" "https://sigaa.ufpb.br"
JavaScript error: resource://gre/modules/LoginManagerParent.jsm, line 136: TypeError: gRecipeManager is null
JavaScript warning: https://sigaa.ufpb.br/sigaa/a4j/g/3_3_3.Finalorg/richfaces/renderkit/html/scripts/jquery/jquery.js.jsf, line 246: unreachable code after return statement
1649343691592	Marionette	INFO	Stopped listening on port 51072
console.warn: TopSitesFeed: Failed to fetch data from Contile server: NetworkError when attempting to fetch resource.
remote-debugging-port" "60355" "-no-remote" "-profile" "C:\\Users\\borja\\AppData\\Local\\Temp\\rust_mozprofileBzZIEA"
1649343193752	Marionette	INFO	Marionette enabled
console.warn: SearchSettings: "get: No settings file exists, new profile?" (new NotFoundError("Could not open the file at C:\\Users\\borja\\AppData\\Local\\Temp\\rust_mozprofileBzZIEA\\search.json.mozlz4", (void 0)))
DevTools listening on ws://localhost:60355/devtools/browser/9028b99e-b296-4ba4-b2b1-954d98cce068
1649343195385	Marionette	INFO	Listening on port 60360
1649343195471	RemoteAgent	WARN	TLS certificate errors will be ignored for this session
console.warn: LoginRecipes: "getRecipes: falling back to a synchronous message for:" "https://sigaa.ufpb.br"
console.warn: LoginRecipes: "getRecipes: falling back to a synchronous message for:" "https://sigaa.ufpb.br"
JavaScript error: resource://gre/modules/LoginManagerParent.jsm, line 136: TypeError: gRecipeManager is null
1649343196487	Marionette	WARN	TimedPromise timed out after 500 ms: stacktrace:
TimedPromise/<@chrome://remote/content/marionette/sync.js:235:19
TimedPromise@chrome://remote/content/marionette/sync.js:220:10
interaction.flushEventLoop@chrome://remote/content/marionette/interaction.js:431:10
webdriverClickElement@chrome://remote/content/marionette/interaction.js:179:31
console.warn: LoginRecipes: "getRecipes: falling back to a synchronous message for:" "https://sigaa.ufpb.br"
JavaScript error: resource://gre/modules/LoginManagerParent.jsm, line 136: TypeError: gRecipeManager is null
console.warn: LoginRecipes: "getRecipes: falling back to a synchronous message for:" "https://sigaa.ufpb.br"
JavaScript error: resource://gre/modules/LoginManagerParent.jsm, line 136: TypeError: gRecipeManager is null
console.warn: LoginRecipes: "getRecipes: falling back to a synchronous message for:" "https://sigaa.ufpb.br"
JavaScript error: resource://gre/modules/LoginManagerParent.jsm, line 136: TypeError: gRecipeManager is null
console.warn: LoginRecipes: "getRecipes: falling back to a synchronous message for:" "https://sigaa.ufpb.br"
JavaScript error: resource://gre/modules/LoginManagerParent.jsm, line 136: TypeError: gRecipeManager is null
JavaScript warning: https://sigaa.ufpb.br/sigaa/a4j/g/3_3_3.Finalorg/richfaces/renderkit/html/scripts/jquery/jquery.js.jsf, line 246: unreachable code after return statement
console.warn: LoginRecipes: "getRecipes: falling back to a synchronous message for:" "https://sigaa.ufpb.br"
JavaScript error: resource://gre/modules/LoginManagerParent.jsm, line 136: TypeError: gRecipeManager is null
console.warn: LoginRecipes: "getRecipes: falling back to a synchronous message for:" "https://sigaa.ufpb.br"
JavaScript error: resource://gre/modules/LoginManagerParent.jsm, line 136: TypeError: gRecipeManager is null
JavaScript warning: https://sigaa.ufpb.br/sigaa/a4j/g/3_3_3.Finalorg/richfaces/renderkit/html/scripts/jquery/jquery.js.jsf, line 246: unreachable code after return statement
1649343694203	Marionette	INFO	Stopped listening on port 60360
console.warn: TopSitesFeed: Failed to fetch data from Contile server: NetworkError when attempting to fetch resource.
remote-debugging-port" "60473" "-no-remote" "-profile" "C:\\Users\\borja\\AppData\\Local\\Temp\\rust_mozprofilefSrkIg"
1649343260673	Marionette	INFO	Marionette enabled
console.warn: SearchSettings: "get: No settings file exists, new profile?" (new NotFoundError("Could not open the file at C:\\Users\\borja\\AppData\\Local\\Temp\\rust_mozprofilefSrkIg\\search.json.mozlz4", (void 0)))
DevTools listening on ws://localhost:60473/devtools/browser/95aec048-e30c-4210-a03e-f8d064be37f7
1649343262268	Marionette	INFO	Listening on port 60478
1649343262325	RemoteAgent	WARN	TLS certificate errors will be ignored for this session
console.warn: LoginRecipes: "getRecipes: falling back to a synchronous message for:" "https://sigaa.ufpb.br"
console.warn: LoginRecipes: "getRecipes: falling back to a synchronous message for:" "https://sigaa.ufpb.br"
JavaScript error: resource://gre/modules/LoginManagerParent.jsm, line 136: TypeError: gRecipeManager is null
1649343263275	Marionette	WARN	TimedPromise timed out after 500 ms: stacktrace:
TimedPromise/<@chrome://remote/content/marionette/sync.js:235:19
TimedPromise@chrome://remote/content/marionette/sync.js:220:10
interaction.flushEventLoop@chrome://remote/content/marionette/interaction.js:431:10
webdriverClickElement@chrome://remote/content/marionette/interaction.js:179:31
console.warn: LoginRecipes: "getRecipes: falling back to a synchronous message for:" "https://sigaa.ufpb.br"
JavaScript error: resource://gre/modules/LoginManagerParent.jsm, line 136: TypeError: gRecipeManager is null
console.warn: LoginRecipes: "getRecipes: falling back to a synchronous message for:" "https://sigaa.ufpb.br"
JavaScript error: resource://gre/modules/LoginManagerParent.jsm, line 136: TypeError: gRecipeManager is null
console.warn: LoginRecipes: "getRecipes: falling back to a synchronous message for:" "https://sigaa.ufpb.br"
JavaScript error: resource://gre/modules/LoginManagerParent.jsm, line 136: TypeError: gRecipeManager is null
console.warn: LoginRecipes: "getRecipes: falling back to a synchronous message for:" "https://sigaa.ufpb.br"
JavaScript error: resource://gre/modules/LoginManagerParent.jsm, line 136: TypeError: gRecipeManager is null
1649343266412	Marionette	WARN	TimedPromise timed out after 500 ms: stacktrace:
TimedPromise/<@chrome://remote/content/marionette/sync.js:235:19
TimedPromise@chrome://remote/content/marionette/sync.js:220:10
interaction.flushEventLoop@chrome://remote/content/marionette/interaction.js:431:10
webdriverClickElement@chrome://remote/content/marionette/interaction.js:179:31
JavaScript warning: https://sigaa.ufpb.br/sigaa/a4j/g/3_3_3.Finalorg/richfaces/renderkit/html/scripts/jquery/jquery.js.jsf, line 246: unreachable code after return statement
console.warn: LoginRecipes: "getRecipes: falling back to a synchronous message for:" "https://sigaa.ufpb.br"
JavaScript error: resource://gre/modules/LoginManagerParent.jsm, line 136: TypeError: gRecipeManager is null
console.warn: LoginRecipes: "getRecipes: falling back to a synchronous message for:" "https://sigaa.ufpb.br"
JavaScript error: resource://gre/modules/LoginManagerParent.jsm, line 136: TypeError: gRecipeManager is null
JavaScript warning: https://sigaa.ufpb.br/sigaa/a4j/g/3_3_3.Finalorg/richfaces/renderkit/html/scripts/jquery/jquery.js.jsf, line 246: unreachable code after return statement
1649343693313	Marionette	INFO	Stopped listening on port 60478
console.warn: TopSitesFeed: Failed to fetch data from Contile server: NetworkError when attempting to fetch resource.

###!!! [Parent][PGPUParent] Error: RunMessage(msgname=PGPU::Msg_ShutdownVR) Channel closing: too late to send/recv, messages will be lost

1649343908231	geckodriver	INFO	Listening on 127.0.0.1:57029
1649343911199	mozrunner::runner	INFO	Running command: "C:\\Program Files\\Mozilla Firefox\\firefox.exe" "--marionette" "--remote-debugging-port" "57030" "-no-remote" "-profile" "C:\\Users\\borja\\AppData\\Local\\Temp\\rust_mozprofile9b3mlI"
1649343911567	Marionette	INFO	Marionette enabled
console.warn: SearchSettings: "get: No settings file exists, new profile?" (new NotFoundError("Could not open the file at C:\\Users\\borja\\AppData\\Local\\Temp\\rust_mozprofile9b3mlI\\search.json.mozlz4", (void 0)))
DevTools listening on ws://localhost:57030/devtools/browser/3f084f43-2e4a-4d96-9253-f3008e3eba2e
1649343913040	Marionette	INFO	Listening on port 57036
1649343913238	RemoteAgent	WARN	TLS certificate errors will be ignored for this session
console.warn: LoginRecipes: "getRecipes: falling back to a synchronous message for:" "https://sigaa.ufpb.br"
console.warn: LoginRecipes: "getRecipes: falling back to a synchronous message for:" "https://sigaa.ufpb.br"
JavaScript error: resource://gre/modules/LoginManagerParent.jsm, line 136: TypeError: gRecipeManager is null
1649343914169	Marionette	WARN	TimedPromise timed out after 500 ms: stacktrace:
TimedPromise/<@chrome://remote/content/marionette/sync.js:235:19
TimedPromise@chrome://remote/content/marionette/sync.js:220:10
interaction.flushEventLoop@chrome://remote/content/marionette/interaction.js:431:10
webdriverClickElement@chrome://remote/content/marionette/interaction.js:179:31
console.warn: LoginRecipes: "getRecipes: falling back to a synchronous message for:" "https://sigaa.ufpb.br"
JavaScript error: resource://gre/modules/LoginManagerParent.jsm, line 136: TypeError: gRecipeManager is null
console.warn: LoginRecipes: "getRecipes: falling back to a synchronous message for:" "https://sigaa.ufpb.br"
JavaScript error: resource://gre/modules/LoginManagerParent.jsm, line 136: TypeError: gRecipeManager is null
console.warn: LoginRecipes: "getRecipes: falling back to a synchronous message for:" "https://sigaa.ufpb.br"
JavaScript error: resource://gre/modules/LoginManagerParent.jsm, line 136: TypeError: gRecipeManager is null
console.warn: LoginRecipes: "getRecipes: falling back to a synchronous message for:" "https://sigaa.ufpb.br"
JavaScript error: resource://gre/modules/LoginManagerParent.jsm, line 136: TypeError: gRecipeManager is null
JavaScript warning: https://sigaa.ufpb.br/sigaa/a4j/g/3_3_3.Finalorg/richfaces/renderkit/html/scripts/jquery/jquery.js.jsf, line 246: unreachable code after return statement
console.warn: LoginRecipes: "getRecipes: falling back to a synchronous message for:" "https://sigaa.ufpb.br"
JavaScript error: resource://gre/modules/LoginManagerParent.jsm, line 136: TypeError: gRecipeManager is null
console.warn: LoginRecipes: "getRecipes: falling back to a synchronous message for:" "https://sigaa.ufpb.br"
JavaScript error: resource://gre/modules/LoginManagerParent.jsm, line 136: TypeError: gRecipeManager is null
JavaScript warning: https://sigaa.ufpb.br/sigaa/a4j/g/3_3_3.Finalorg/richfaces/renderkit/html/scripts/jquery/jquery.js.jsf, line 246: unreachable code after return statement
SourceActor threw an exception: Error: Failed to fetch https://sigaa.ufpb.br/sigaa/ava/javascript/turma.jsp. Code 2152924148.
Stack: onResponse@resource://devtools/shared/DevToolsUtils.js:556:16
onStopRequest@resource://gre/modules/NetUtil.jsm:128:18
Line: 556, column: 16
console.error: (new Error("Failed to fetch https://sigaa.ufpb.br/sigaa/ava/javascript/turma.jsp. Code 2152924148.", "resource://devtools/shared/DevToolsUtils.js", 556))
JavaScript error: resource://devtools/shared/DevToolsUtils.js, line 556: Error: Failed to fetch https://sigaa.ufpb.br/sigaa/ava/javascript/turma.jsp. Code 2152924148.
SourceActor threw an exception: Error: Failed to fetch https://sigaa.ufpb.br/sigaa/ava/index.jsf. Code 2152924148.
Stack: onResponse@resource://devtools/shared/DevToolsUtils.js:556:16
onStopRequest@resource://gre/modules/NetUtil.jsm:128:18
Line: 556, column: 16
console.error: (new Error("Failed to fetch https://sigaa.ufpb.br/sigaa/ava/index.jsf. Code 2152924148.", "resource://devtools/shared/DevToolsUtils.js", 556))
JavaScript error: resource://devtools/shared/DevToolsUtils.js, line 556: Error: Failed to fetch https://sigaa.ufpb.br/sigaa/ava/index.jsf. Code 2152924148.
JavaScript warning: https://sigaa.ufpb.br/sigaa/a4j/g/3_3_3.Finalorg/richfaces/renderkit/html/scripts/jquery/jquery.js.jsf, line 246: unreachable code after return statement
JavaScript error: resource://gre/modules/AsyncShutdown.jsm, line 575: NotFoundError: No such JSWindowActor 'DevToolsFrame'
1649354830438	Marionette	INFO	Stopped listening on port 57036
console.warn: TopSitesFeed: Failed to fetch data from Contile server: NetworkError when attempting to fetch resource.

###!!! [Parent][PGPUParent] Error: RunMessage(msgname=PGPU::Msg_ShutdownVR) Channel closing: too late to send/recv, messages will be lost

wser/498f8e1f-fec6-4c5b-979b-41664cd94e81
1649344181845	Marionette	INFO	Listening on port 57581
1649344182047	RemoteAgent	WARN	TLS certificate errors will be ignored for this session
console.warn: LoginRecipes: "getRecipes: falling back to a synchronous message for:" "https://sigaa.ufpb.br"
console.warn: LoginRecipes: "getRecipes: falling back to a synchronous message for:" "https://sigaa.ufpb.br"
JavaScript error: resource://gre/modules/LoginManagerParent.jsm, line 136: TypeError: gRecipeManager is null
1649344183080	Marionette	WARN	TimedPromise timed out after 500 ms: stacktrace:
TimedPromise/<@chrome://remote/content/marionette/sync.js:235:19
TimedPromise@chrome://remote/content/marionette/sync.js:220:10
interaction.flushEventLoop@chrome://remote/content/marionette/interaction.js:431:10
webdriverClickElement@chrome://remote/content/marionette/interaction.js:179:31
console.warn: LoginRecipes: "getRecipes: falling back to a synchronous message for:" "https://sigaa.ufpb.br"
JavaScript error: resource://gre/modules/LoginManagerParent.jsm, line 136: TypeError: gRecipeManager is null
console.warn: LoginRecipes: "getRecipes: falling back to a synchronous message for:" "https://sigaa.ufpb.br"
JavaScript error: resource://gre/modules/LoginManagerParent.jsm, line 136: TypeError: gRecipeManager is null
console.warn: LoginRecipes: "getRecipes: falling back to a synchronous message for:" "https://sigaa.ufpb.br"
JavaScript error: resource://gre/modules/LoginManagerParent.jsm, line 136: TypeError: gRecipeManager is null
console.warn: LoginRecipes: "getRecipes: falling back to a synchronous message for:" "https://sigaa.ufpb.br"
JavaScript error: resource://gre/modules/LoginManagerParent.jsm, line 136: TypeError: gRecipeManager is null
JavaScript warning: https://sigaa.ufpb.br/sigaa/a4j/g/3_3_3.Finalorg/richfaces/renderkit/html/scripts/jquery/jquery.js.jsf, line 246: unreachable code after return statement
console.warn: LoginRecipes: "getRecipes: falling back to a synchronous message for:" "https://sigaa.ufpb.br"
JavaScript error: resource://gre/modules/LoginManagerParent.jsm, line 136: TypeError: gRecipeManager is null
console.warn: LoginRecipes: "getRecipes: falling back to a synchronous message for:" "https://sigaa.ufpb.br"
JavaScript error: resource://gre/modules/LoginManagerParent.jsm, line 136: TypeError: gRecipeManager is null
JavaScript warning: https://sigaa.ufpb.br/sigaa/a4j/g/3_3_3.Finalorg/richfaces/renderkit/html/scripts/jquery/jquery.js.jsf, line 246: unreachable code after return statement
1649344522870	Marionette	INFO	Stopped listening on port 57581
console.warn: TopSitesFeed: Failed to fetch data from Contile server: NetworkError when attempting to fetch resource.

###!!! [Parent][PGPUParent] Error: RunMessage(msgname=PGPU::Msg_ShutdownVR) Channel closing: too late to send/recv, messages will be lost

	INFO	Marionette enabled
console.warn: SearchSettings: "get: No settings file exists, new profile?" (new NotFoundError("Could not open the file at C:\\Users\\borja\\AppData\\Local\\Temp\\rust_mozprofile64nTaW\\search.json.mozlz4", (void 0)))
DevTools listening on ws://localhost:57654/devtools/browser/2d2ae00a-204a-485e-89f4-245619a24efe
1649344265920	Marionette	INFO	Listening on port 57661
1649344266063	RemoteAgent	WARN	TLS certificate errors will be ignored for this session
console.warn: LoginRecipes: "getRecipes: falling back to a synchronous message for:" "https://sigaa.ufpb.br"
console.warn: LoginRecipes: "getRecipes: falling back to a synchronous message for:" "https://sigaa.ufpb.br"
JavaScript error: resource://gre/modules/LoginManagerParent.jsm, line 136: TypeError: gRecipeManager is null
console.warn: LoginRecipes: "getRecipes: falling back to a synchronous message for:" "https://sigaa.ufpb.br"
JavaScript error: resource://gre/modules/LoginManagerParent.jsm, line 136: TypeError: gRecipeManager is null
console.warn: LoginRecipes: "getRecipes: falling back to a synchronous message for:" "https://sigaa.ufpb.br"
JavaScript error: resource://gre/modules/LoginManagerParent.jsm, line 136: TypeError: gRecipeManager is null
console.warn: LoginRecipes: "getRecipes: falling back to a synchronous message for:" "https://sigaa.ufpb.br"
JavaScript error: resource://gre/modules/LoginManagerParent.jsm, line 136: TypeError: gRecipeManager is null
console.warn: LoginRecipes: "getRecipes: falling back to a synchronous message for:" "https://sigaa.ufpb.br"
JavaScript error: resource://gre/modules/LoginManagerParent.jsm, line 136: TypeError: gRecipeManager is null
JavaScript warning: https://sigaa.ufpb.br/sigaa/a4j/g/3_3_3.Finalorg/richfaces/renderkit/html/scripts/jquery/jquery.js.jsf, line 246: unreachable code after return statement
console.warn: LoginRecipes: "getRecipes: falling back to a synchronous message for:" "https://sigaa.ufpb.br"
JavaScript error: resource://gre/modules/LoginManagerParent.jsm, line 136: TypeError: gRecipeManager is null
console.warn: LoginRecipes: "getRecipes: falling back to a synchronous message for:" "https://sigaa.ufpb.br"
JavaScript error: resource://gre/modules/LoginManagerParent.jsm, line 136: TypeError: gRecipeManager is null
JavaScript warning: https://sigaa.ufpb.br/sigaa/a4j/g/3_3_3.Finalorg/richfaces/renderkit/html/scripts/jquery/jquery.js.jsf, line 246: unreachable code after return statement
1649344519835	Marionette	INFO	Stopped listening on port 57661
console.warn: TopSitesFeed: Failed to fetch data from Contile server: NetworkError when attempting to fetch resource.

###!!! [Parent][PGPUParent] Error: RunMessage(msgname=PGPU::Msg_ShutdownVR) Channel closing: too late to send/recv, messages will be lost

1649354229861	geckodriver	INFO	Listening on 127.0.0.1:49462
1649354232801	mozrunner::runner	INFO	Running command: "C:\\Program Files\\Mozilla Firefox\\firefox.exe" "--marionette" "--remote-debugging-port" "49463" "-no-remote" "-profile" "C:\\Users\\borja\\AppData\\Local\\Temp\\rust_mozprofilennZVO9"
1649354233161	Marionette	INFO	Marionette enabled
console.warn: SearchSettings: "get: No settings file exists, new profile?" (new NotFoundError("Could not open the file at C:\\Users\\borja\\AppData\\Local\\Temp\\rust_mozprofilennZVO9\\search.json.mozlz4", (void 0)))
DevTools listening on ws://localhost:49463/devtools/browser/357ded60-104b-43bf-a069-7b3eda33d193
1649354234579	Marionette	INFO	Listening on port 49468
1649354234848	RemoteAgent	WARN	TLS certificate errors will be ignored for this session
console.warn: LoginRecipes: "getRecipes: falling back to a synchronous message for:" "https://sigaa.ufpb.br"
console.warn: LoginRecipes: "getRecipes: falling back to a synchronous message for:" "https://sigaa.ufpb.br"
JavaScript error: resource://gre/modules/LoginManagerParent.jsm, line 136: TypeError: gRecipeManager is null
console.warn: LoginRecipes: "getRecipes: falling back to a synchronous message for:" "https://sigaa.ufpb.br"
JavaScript error: resource://gre/modules/LoginManagerParent.jsm, line 136: TypeError: gRecipeManager is null
console.warn: LoginRecipes: "getRecipes: falling back to a synchronous message for:" "https://sigaa.ufpb.br"
JavaScript error: resource://gre/modules/LoginManagerParent.jsm, line 136: TypeError: gRecipeManager is null
console.warn: LoginRecipes: "getRecipes: falling back to a synchronous message for:" "https://sigaa.ufpb.br"
JavaScript error: resource://gre/modules/LoginManagerParent.jsm, line 136: TypeError: gRecipeManager is null
console.warn: LoginRecipes: "getRecipes: falling back to a synchronous message for:" "https://sigaa.ufpb.br"
JavaScript error: resource://gre/modules/LoginManagerParent.jsm, line 136: TypeError: gRecipeManager is null
JavaScript warning: https://sigaa.ufpb.br/sigaa/a4j/g/3_3_3.Finalorg/richfaces/renderkit/html/scripts/jquery/jquery.js.jsf, line 246: unreachable code after return statement
console.warn: LoginRecipes: "getRecipes: falling back to a synchronous message for:" "https://sigaa.ufpb.br"
JavaScript error: resource://gre/modules/LoginManagerParent.jsm, line 136: TypeError: gRecipeManager is null
console.warn: LoginRecipes: "getRecipes: falling back to a synchronous message for:" "https://sigaa.ufpb.br"
JavaScript error: resource://gre/modules/LoginManagerParent.jsm, line 136: TypeError: gRecipeManager is null
JavaScript warning: https://sigaa.ufpb.br/sigaa/a4j/g/3_3_3.Finalorg/richfaces/renderkit/html/scripts/jquery/jquery.js.jsf, line 246: unreachable code after return statement
1649354316508	Marionette	INFO	Stopped listening on port 49468
console.warn: TopSitesFeed: Failed to fetch data from Contile server: NetworkError when attempting to fetch resource.

###!!! [Parent][PGPUParent] Error: RunMessage(msgname=PGPU::Msg_ShutdownVR) Channel closing: too late to send/recv, messages will be lost

1649354322933	geckodriver	INFO	Listening on 127.0.0.1:49576
1649354325901	mozrunner::runner	INFO	Running command: "C:\\Program Files\\Mozilla Firefox\\firefox.exe" "--marionette" "--remote-debugging-port" "49577" "-no-remote" "-profile" "C:\\Users\\borja\\AppData\\Local\\Temp\\rust_mozprofileaqRKzh"
1649354326247	Marionette	INFO	Marionette enabled
console.warn: SearchSettings: "get: No settings file exists, new profile?" (new NotFoundError("Could not open the file at C:\\Users\\borja\\AppData\\Local\\Temp\\rust_mozprofileaqRKzh\\search.json.mozlz4", (void 0)))
DevTools listening on ws://localhost:49577/devtools/browser/bd4dd10e-7b33-450f-b24e-969aa4c4f878
1649354327735	Marionette	INFO	Listening on port 49583
1649354327927	RemoteAgent	WARN	TLS certificate errors will be ignored for this session
console.warn: LoginRecipes: "getRecipes: falling back to a synchronous message for:" "https://sigaa.ufpb.br"
console.warn: LoginRecipes: "getRecipes: falling back to a synchronous message for:" "https://sigaa.ufpb.br"
JavaScript error: resource://gre/modules/LoginManagerParent.jsm, line 136: TypeError: gRecipeManager is null
console.warn: LoginRecipes: "getRecipes: falling back to a synchronous message for:" "https://sigaa.ufpb.br"
JavaScript error: resource://gre/modules/LoginManagerParent.jsm, line 136: TypeError: gRecipeManager is null
console.warn: LoginRecipes: "getRecipes: falling back to a synchronous message for:" "https://sigaa.ufpb.br"
JavaScript error: resource://gre/modules/LoginManagerParent.jsm, line 136: TypeError: gRecipeManager is null
console.warn: LoginRecipes: "getRecipes: falling back to a synchronous message for:" "https://sigaa.ufpb.br"
JavaScript error: resource://gre/modules/LoginManagerParent.jsm, line 136: TypeError: gRecipeManager is null
console.warn: LoginRecipes: "getRecipes: falling back to a synchronous message for:" "https://sigaa.ufpb.br"
JavaScript error: resource://gre/modules/LoginManagerParent.jsm, line 136: TypeError: gRecipeManager is null
JavaScript warning: https://sigaa.ufpb.br/sigaa/a4j/g/3_3_3.Finalorg/richfaces/renderkit/html/scripts/jquery/jquery.js.jsf, line 246: unreachable code after return statement
console.warn: LoginRecipes: "getRecipes: falling back to a synchronous message for:" "https://sigaa.ufpb.br"
JavaScript error: resource://gre/modules/LoginManagerParent.jsm, line 136: TypeError: gRecipeManager is null
console.warn: LoginRecipes: "getRecipes: falling back to a synchronous message for:" "https://sigaa.ufpb.br"
JavaScript error: resource://gre/modules/LoginManagerParent.jsm, line 136: TypeError: gRecipeManager is null
JavaScript warning: https://sigaa.ufpb.br/sigaa/a4j/g/3_3_3.Finalorg/richfaces/renderkit/html/scripts/jquery/jquery.js.jsf, line 246: unreachable code after return statement
1649354832679	Marionette	INFO	Stopped listening on port 49583
console.warn: TopSitesFeed: Failed to fetch data from Contile server: NetworkError when attempting to fetch resource.
